[LOG] Manager::init                            : maxchannels = 1024 studioflags = 00000009 flags 00000000 extradriverdata 0000000000000000.
[LOG] SystemI::init                            : FMOD Studio Version: 00010906 (88495)
[LOG] SystemI::init                            : maxchannels = 1024, flags = 00030000, extradriverdata = 0000000000000000
[LOG] SystemI::setOutputInternal               : Setting output to type 0
[LOG] SystemI::setOutputInternal               : Setting output to type 8
[LOG] SystemI::setOutputInternal               : Setting output to type 8
[LOG] OutputWASAPI::init                       : Mix Format (WAVEFORMATEX): wFormatTag=0xFFFE, nChannels=2, nSamplesPerSec=48000, nAvgBytesPerSec=384000, nBlockAlign=8, wBitsPerSample=32, cbSize=22.
[LOG] OutputWASAPI::init                       : Mix Format (WAVEFORMATEXTENSIBLE): wValidBitsPerSample=32, dwChannelMask=0x00000003, SubFormat=00000003-0000-0010-8000-00AA00389B71.
[LOG] OutputWASAPI::init                       : Output buffer size: 4096 samples, latency: 0.00ms, period: 10.00ms, DSP buffer: 1024 * 4
[LOG] SystemI::init                            : Create master channel group and master sound group.
[LOG] SystemI::init                            : Set up emulated output.  1024 channels
[LOG] SystemI::init                            : create the channel pool
[LOG] SystemI::init                            : create the stream thread
[LOG] Thread::initThread                       : Init FMOD stream thread. Priority: 2, Stack Size: 65536, Semaphore: No, Sleep Time: 10, Looping: Yes.
[LOG] SystemI::DSPCodecPoolRegister            : register codec pool for pool type 5
[LOG] Thread::initThread                       : Init FMOD mixer thread. Priority: 3, Stack Size: 49152, Semaphore: No, Sleep Time: 0, Looping: Yes.
[LOG] AsyncManager::init                       : manager 00000004D4172578 isAsync 1 updatePeriod 0.02
[LOG] Thread::initThread                       : Init FMOD Studio update thread. Priority: 0, Stack Size: 65536, Semaphore: No, Sleep Time: 1, Looping: No.
[LOG] AsyncManager::init                       : done
[LOG] PlaybackSystem::init                     : 
[LOG] Thread::initThread                       : Init FMOD Studio sample load thread. Priority: 0, Stack Size: 65536, Semaphore: No, Sleep Time: 1, Looping: No.
[LOG] PlaybackSystem::init                     : done
[LOG] LiveUpdate::init                         : 
[LOG] Thread::initThread                       : Init FMOD Studio bank load thread. Priority: 0, Stack Size: 65536, Semaphore: No, Sleep Time: 1, Looping: No.
[LOG] Manager::init                            : done.
[LOG] Profile::init                            : Profiler listening on port: 9264
[LOG] Manager::readBank                        : fileversion = 88, compatVersion = 86 (oldest = 44, newest = 88)
[LOG] Manager::readBank                        : fileversion = 88, compatVersion = 86 (oldest = 44, newest = 88)
[LOG] PlaybackSystem::acquireMasterBus         : Setting master channel group format to 6
[LOG] SystemI::createSound                     : filename = Shelephants\Build\Desktop/Master Bank.bank : mode 02012082
[LOG] SystemI::createSound                     : FMOD_NONBLOCKING specified.  Putting into queue to be opened asynchronously!
[LOG] Thread::initThread                       : Init FMOD nonblocking thread (0). Priority: 1, Stack Size: 81920, Semaphore: Yes, Sleep Time: 0, Looping: Yes.
[LOG] SystemI::createSound                     : setdata soundi = 00000004D402C088 : node = 00000004D3C73D10
[LOG] SystemI::createSound                     : add node to async list : head = 00000004D41D0308.  list count = 0
[LOG] AsyncThread::threadFunc                  : Starting Asynchronous operation on sound 00000004D402C088
[LOG] SystemI::createSoundInternal             :     filename = Shelephants\Build\Desktop/Master Bank.bank : mode 02012082
[LOG] SystemI::createSoundInternal             :     exinfo->cbsize             = 232
[LOG] SystemI::createSoundInternal             :     exinfo->length             = 4720768
[LOG] SystemI::createSoundInternal             :     exinfo->fileoffset         = 20544
[LOG] SystemI::createSoundInternal             :     exinfo->numsubsounds       = 1
[LOG] SystemI::createSoundInternal             :     exinfo->inclusionlist      = 00000004D3C73E28
[LOG] SystemI::createSoundInternal             :     exinfo->inclusionlistnum   = 1
[LOG] SystemI::createSoundInternal             :     exinfo->suggestedsoundtype = 5
[LOG] SystemI::createSoundInternal             :     Format has 1 subsounds.
[LOG] SystemI::createSoundInternal             :     Create as FMOD_CREATESTREAM
[LOG] System::createSoundInternal              :     decode buffersize = 19200 : blocksize = 256 : format = 2
[LOG] SystemI::createSample                    :     mode 02012082 length 19200 samples, lengthbytes 2232256
[LOG] SystemI::createSample                    :     channels = 2
[LOG] SystemI::createSample                    :     output = 00000004D3936EE8
[LOG] OutputSoftware::createSample             :     lengthpcm 19200, lengthbytes 2232256, channels 2, format 2, freq 48000, mode 0201208a
[LOG] System::createSoundInternal              :     1 subsounds detected.
[LOG] System::createSoundInternal              :     Seek stream to start
[LOG] System::createSoundInternal              :     switch file handle from small blocking single buffered to large nonblocking doublebuffered.
[LOG] Thread::initThread                       :         Init FMOD file thread. Priority: 1, Stack Size: 16384, Semaphore: No, Sleep Time: 10, Looping: Yes.
[LOG] SystemI::createSoundInternal             :     done.  OpenState now = FMOD_OPENSTATE_READY.

[LOG] AsyncThread::threadFunc                  : Finished Asynchronous operation on sound 00000004D402C088
[LOG] SoundI::getSubSound                      : sound 00000004D402C088.  Subsound index 0 / 1
[LOG] SoundI::getSubSound                      : starting non blocking seek and setting sound to not ready state
[LOG] SoundI::getSubSound                      : finished preparing nonblocking getSubSound seek
[LOG] AsyncThread::threadFunc                  : Starting Asynchronous operation on sound 00000004D3D07DC8
[LOG] AsyncThread::threadFunc                  :     done setposition
[LOG] AsyncThread::threadFunc                  :     done flush
[LOG] AsyncThread::threadFunc                  : Finished Asynchronous operation on sound 00000004D3D07DC8
[LOG] AsyncThread::threadFunc                  : Starting Asynchronous operation on sound 00000004D3D07DC8
[LOG] AsyncThread::threadFunc                  : Finished Asynchronous operation on sound 00000004D3D07DC8
[LOG] SystemI::createSound                     : filename = Shelephants\Build\Desktop/Master Bank.bank : mode 02012082
[LOG] SystemI::createSound                     : FMOD_NONBLOCKING specified.  Putting into queue to be opened asynchronously!
[LOG] SystemI::createSound                     : setdata soundi = 00000004D402BB78 : node = 00000004D3C73FB0
[LOG] SystemI::createSound                     : add node to async list : head = 00000004D41D0308.  list count = 0
[LOG] AsyncThread::threadFunc                  : Starting Asynchronous operation on sound 00000004D402BB78
[LOG] SystemI::createSoundInternal             :     filename = Shelephants\Build\Desktop/Master Bank.bank : mode 02012082
[LOG] SystemI::createSoundInternal             :     exinfo->cbsize             = 232
[LOG] SystemI::createSoundInternal             :     exinfo->length             = 4720768
[LOG] SystemI::createSoundInternal             :     exinfo->fileoffset         = 20544
[LOG] SystemI::createSoundInternal             :     exinfo->numsubsounds       = 1
[LOG] SystemI::createSoundInternal             :     exinfo->inclusionlist      = 00000004D3C740C8
[LOG] SystemI::createSoundInternal             :     exinfo->inclusionlistnum   = 1
[LOG] SystemI::createSoundInternal             :     exinfo->suggestedsoundtype = 5
[LOG] SystemI::createSoundInternal             :     Format has 1 subsounds.
[LOG] SystemI::createSoundInternal             :     Create as FMOD_CREATESTREAM
[LOG] System::createSoundInternal              :     decode buffersize = 19200 : blocksize = 256 : format = 2
[LOG] SystemI::createSample                    :     mode 02012082 length 19200 samples, lengthbytes 1289024
[LOG] SystemI::createSample                    :     channels = 2
[LOG] SystemI::createSample                    :     output = 00000004D3936EE8
[LOG] OutputSoftware::createSample             :     lengthpcm 19200, lengthbytes 1289024, channels 2, format 2, freq 48000, mode 0201208a
[LOG] System::createSoundInternal              :     1 subsounds detected.
[LOG] System::createSoundInternal              :     Seek stream to start
[LOG] System::createSoundInternal              :     switch file handle from small blocking single buffered to large nonblocking doublebuffered.
[LOG] SystemI::createSoundInternal             :     done.  OpenState now = FMOD_OPENSTATE_READY.

[LOG] AsyncThread::threadFunc                  : Finished Asynchronous operation on sound 00000004D402BB78
[LOG] SoundI::getSubSound                      : sound 00000004D402BB78.  Subsound index 0 / 1
[LOG] SoundI::getSubSound                      : starting non blocking seek and setting sound to not ready state
[LOG] SoundI::getSubSound                      : finished preparing nonblocking getSubSound seek
[LOG] AsyncThread::threadFunc                  : Starting Asynchronous operation on sound 00000004D3D087E8
[LOG] AsyncThread::threadFunc                  :     done setposition
[LOG] AsyncThread::threadFunc                  :     done flush
[LOG] AsyncThread::threadFunc                  : Finished Asynchronous operation on sound 00000004D3D087E8
[LOG] AsyncThread::threadFunc                  : Starting Asynchronous operation on sound 00000004D3D087E8
[LOG] AsyncThread::threadFunc                  : Finished Asynchronous operation on sound 00000004D3D087E8
[LOG] SystemI::createSound                     : filename = Shelephants\Build\Desktop/Master Bank.bank : mode 02012082
[LOG] SystemI::createSound                     : FMOD_NONBLOCKING specified.  Putting into queue to be opened asynchronously!
[LOG] SystemI::createSound                     : setdata soundi = 00000004D3F31BA8 : node = 00000004D3C748E0
[LOG] SystemI::createSound                     : add node to async list : head = 00000004D41D0308.  list count = 0
[LOG] AsyncThread::threadFunc                  : Starting Asynchronous operation on sound 00000004D3F31BA8
[LOG] SystemI::createSoundInternal             :     filename = Shelephants\Build\Desktop/Master Bank.bank : mode 02012082
[LOG] SystemI::createSoundInternal             :     exinfo->cbsize             = 232
[LOG] SystemI::createSoundInternal             :     exinfo->length             = 4720768
[LOG] SystemI::createSoundInternal             :     exinfo->fileoffset         = 20544
[LOG] SystemI::createSoundInternal             :     exinfo->numsubsounds       = 1
[LOG] SystemI::createSoundInternal             :     exinfo->inclusionlist      = 00000004D3C749F8
[LOG] SystemI::createSoundInternal             :     exinfo->inclusionlistnum   = 1
[LOG] SystemI::createSoundInternal             :     exinfo->suggestedsoundtype = 5
[LOG] SystemI::createSoundInternal             :     Format has 1 subsounds.
[LOG] SystemI::createSoundInternal             :     Create as FMOD_CREATESTREAM
[LOG] System::createSoundInternal              :     decode buffersize = 19200 : blocksize = 256 : format = 2
[LOG] SystemI::createSample                    :     mode 02012082 length 19200 samples, lengthbytes 1289024
[LOG] SystemI::createSample                    :     channels = 2
[LOG] SystemI::createSample                    :     output = 00000004D3936EE8
[LOG] OutputSoftware::createSample             :     lengthpcm 19200, lengthbytes 1289024, channels 2, format 2, freq 48000, mode 0201208a
[LOG] System::createSoundInternal              :     1 subsounds detected.
[LOG] System::createSoundInternal              :     Seek stream to start
[LOG] System::createSoundInternal              :     switch file handle from small blocking single buffered to large nonblocking doublebuffered.
[LOG] SystemI::createSoundInternal             :     done.  OpenState now = FMOD_OPENSTATE_READY.

[LOG] AsyncThread::threadFunc                  : Finished Asynchronous operation on sound 00000004D3F31BA8
[LOG] SoundI::getSubSound                      : sound 00000004D3F31BA8.  Subsound index 0 / 1
[LOG] SoundI::getSubSound                      : starting non blocking seek and setting sound to not ready state
[LOG] SoundI::getSubSound                      : finished preparing nonblocking getSubSound seek
[LOG] AsyncThread::threadFunc                  : Starting Asynchronous operation on sound 00000004D3D08488
[LOG] AsyncThread::threadFunc                  :     done setposition
[LOG] AsyncThread::threadFunc                  :     done flush
[LOG] AsyncThread::threadFunc                  : Finished Asynchronous operation on sound 00000004D3D08488
[LOG] SoundI::release                          : creepy piano (00000004D402BB78)
[LOG] SoundI::release                          : remove stream samples. (00000004D402BB78)
[LOG] SoundI::release                          :     creepy piano (0000000014E9BBB8)
[LOG] SoundI::release                          :     done
[LOG] SoundI::release                          : release subsounds. (00000004D402BB78)
[LOG] SoundI::release                          :     creepy piano (00000004D3D087E8)
[LOG] SoundI::release                          :     done
[LOG] SoundI::release                          : release codec. (00000004D402BB78)
[LOG] SoundI::release                          : done
[LOG] AsyncThread::threadFunc                  : Starting Asynchronous operation on sound 00000004D3D08488
[LOG] AsyncThread::threadFunc                  : Finished Asynchronous operation on sound 00000004D3D08488
[LOG] SystemI::createSound                     : filename = Shelephants\Build\Desktop/Master Bank.bank : mode 02012082
[LOG] SystemI::createSound                     : FMOD_NONBLOCKING specified.  Putting into queue to be opened asynchronously!
[LOG] SystemI::createSound                     : setdata soundi = 00000004D3F325C8 : node = 00000004D3C73FB0
[LOG] SystemI::createSound                     : add node to async list : head = 00000004D41D0308.  list count = 0
[LOG] AsyncThread::threadFunc                  : Starting Asynchronous operation on sound 00000004D3F325C8
[LOG] SystemI::createSoundInternal             :     filename = Shelephants\Build\Desktop/Master Bank.bank : mode 02012082
[LOG] SystemI::createSoundInternal             :     exinfo->cbsize             = 232
[LOG] SystemI::createSoundInternal             :     exinfo->length             = 4720768
[LOG] SystemI::createSoundInternal             :     exinfo->fileoffset         = 20544
[LOG] SystemI::createSoundInternal             :     exinfo->numsubsounds       = 1
[LOG] SystemI::createSoundInternal             :     exinfo->inclusionlist      = 00000004D3C740C8
[LOG] SystemI::createSoundInternal             :     exinfo->inclusionlistnum   = 1
[LOG] SystemI::createSoundInternal             :     exinfo->suggestedsoundtype = 5
[LOG] SystemI::createSoundInternal             :     Format has 1 subsounds.
[LOG] SystemI::createSoundInternal             :     Create as FMOD_CREATESTREAM
[LOG] System::createSoundInternal              :     decode buffersize = 19200 : blocksize = 256 : format = 2
[LOG] SystemI::createSample                    :     mode 02012082 length 19200 samples, lengthbytes 1289024
[LOG] SystemI::createSample                    :     channels = 2
[LOG] SystemI::createSample                    :     output = 00000004D3936EE8
[LOG] OutputSoftware::createSample             :     lengthpcm 19200, lengthbytes 1289024, channels 2, format 2, freq 48000, mode 0201208a
[LOG] System::createSoundInternal              :     1 subsounds detected.
[LOG] System::createSoundInternal              :     Seek stream to start
[LOG] System::createSoundInternal              :     switch file handle from small blocking single buffered to large nonblocking doublebuffered.
[LOG] SystemI::createSoundInternal             :     done.  OpenState now = FMOD_OPENSTATE_READY.

[LOG] AsyncThread::threadFunc                  : Finished Asynchronous operation on sound 00000004D3F325C8
[LOG] SoundI::getSubSound                      : sound 00000004D3F325C8.  Subsound index 0 / 1
[LOG] SoundI::getSubSound                      : starting non blocking seek and setting sound to not ready state
[LOG] SoundI::getSubSound                      : finished preparing nonblocking getSubSound seek
[LOG] AsyncThread::threadFunc                  : Starting Asynchronous operation on sound 00000004D3D06E98
[LOG] AsyncThread::threadFunc                  :     done setposition
[LOG] AsyncThread::threadFunc                  :     done flush
[LOG] AsyncThread::threadFunc                  : Finished Asynchronous operation on sound 00000004D3D06E98
[LOG] SoundI::release                          : creepy piano (00000004D3F31BA8)
[LOG] SoundI::release                          : remove stream samples. (00000004D3F31BA8)
[LOG] SoundI::release                          :     creepy piano (0000000014E9D8F8)
[LOG] SoundI::release                          :     done
[LOG] SoundI::release                          : release subsounds. (00000004D3F31BA8)
[LOG] SoundI::release                          :     creepy piano (00000004D3D08488)
[LOG] SoundI::release                          :     done
[LOG] SoundI::release                          : release codec. (00000004D3F31BA8)
[LOG] SoundI::release                          : done
[LOG] AsyncThread::threadFunc                  : Starting Asynchronous operation on sound 00000004D3D06E98
[LOG] AsyncThread::threadFunc                  : Finished Asynchronous operation on sound 00000004D3D06E98
[LOG] SystemI::createSound                     : filename = Shelephants\Build\Desktop/Master Bank.bank : mode 02012082
[LOG] SystemI::createSound                     : FMOD_NONBLOCKING specified.  Putting into queue to be opened asynchronously!
[LOG] SystemI::createSound                     : setdata soundi = 00000004D3F32928 : node = 00000004D3C72EA0
[LOG] SystemI::createSound                     : add node to async list : head = 00000004D41D0308.  list count = 0
[LOG] AsyncThread::threadFunc                  : Starting Asynchronous operation on sound 00000004D3F32928
[LOG] SystemI::createSoundInternal             :     filename = Shelephants\Build\Desktop/Master Bank.bank : mode 02012082
[LOG] SystemI::createSoundInternal             :     exinfo->cbsize             = 232
[LOG] SystemI::createSoundInternal             :     exinfo->length             = 4720768
[LOG] SystemI::createSoundInternal             :     exinfo->fileoffset         = 20544
[LOG] SystemI::createSoundInternal             :     exinfo->numsubsounds       = 1
[LOG] SystemI::createSoundInternal             :     exinfo->inclusionlist      = 00000004D3C72FB8
[LOG] SystemI::createSoundInternal             :     exinfo->inclusionlistnum   = 1
[LOG] SystemI::createSoundInternal             :     exinfo->suggestedsoundtype = 5
[LOG] SystemI::createSoundInternal             :     Format has 1 subsounds.
[LOG] SystemI::createSoundInternal             :     Create as FMOD_CREATESTREAM
[LOG] System::createSoundInternal              :     decode buffersize = 19200 : blocksize = 256 : format = 2
[LOG] SystemI::createSample                    :     mode 02012082 length 19200 samples, lengthbytes 1289024
[LOG] SystemI::createSample                    :     channels = 2
[LOG] SystemI::createSample                    :     output = 00000004D3936EE8
[LOG] OutputSoftware::createSample             :     lengthpcm 19200, lengthbytes 1289024, channels 2, format 2, freq 48000, mode 0201208a
[LOG] System::createSoundInternal              :     1 subsounds detected.
[LOG] System::createSoundInternal              :     Seek stream to start
[LOG] System::createSoundInternal              :     switch file handle from small blocking single buffered to large nonblocking doublebuffered.
[LOG] SystemI::createSoundInternal             :     done.  OpenState now = FMOD_OPENSTATE_READY.

[LOG] AsyncThread::threadFunc                  : Finished Asynchronous operation on sound 00000004D3F32928
[LOG] SoundI::getSubSound                      : sound 00000004D3F32928.  Subsound index 0 / 1
[LOG] SoundI::getSubSound                      : starting non blocking seek and setting sound to not ready state
[LOG] SoundI::getSubSound                      : finished preparing nonblocking getSubSound seek
[LOG] AsyncThread::threadFunc                  : Starting Asynchronous operation on sound 00000004D3D07048
[LOG] AsyncThread::threadFunc                  :     done setposition
[LOG] AsyncThread::threadFunc                  :     done flush
[LOG] AsyncThread::threadFunc                  : Finished Asynchronous operation on sound 00000004D3D07048
[LOG] AsyncThread::threadFunc                  : Starting Asynchronous operation on sound 00000004D3D07048
[LOG] AsyncThread::threadFunc                  : Finished Asynchronous operation on sound 00000004D3D07048
[LOG] SystemI::createSoundInternal             : filename =  : mode 02000202
[LOG] SystemI::createSoundInternal             : exinfo->cbsize             = 232
[LOG] SystemI::createSoundInternal             : exinfo->length             = 4720768
[LOG] SystemI::createSoundInternal             : exinfo->fileoffset         = 20544
[LOG] SystemI::createSoundInternal             : exinfo->numsubsounds       = 1
[LOG] SystemI::createSoundInternal             : exinfo->inclusionlist      = 000000003E37FBF8
[LOG] SystemI::createSoundInternal             : exinfo->inclusionlistnum   = 1
[LOG] SystemI::createSoundInternal             : exinfo->suggestedsoundtype = 5
[LOG] SystemI::createSoundInternal             : exinfo->useropen           = 00007FF836AB7110
[LOG] SystemI::createSoundInternal             : exinfo->userclose          = 00007FF836AB70E0
[LOG] SystemI::createSoundInternal             : exinfo->userread           = 00007FF836AB71E0
[LOG] SystemI::createSoundInternal             : exinfo->userseek           = 00007FF836AB7290
[LOG] SystemI::createSoundInternal             : exinfo->fileuserdata       = 00000004ECA00598
[LOG] SystemI::DSPCodecPoolRegister            : register codec pool for pool type 5
[LOG] SystemI::createSoundInternal             : Format has 1 subsounds.
[LOG] SystemI::createSoundInternal             : Create as FMOD_CREATESAMPLE
[LOG] SystemI::createSoundInternal             : Multi-sample sound (1 subsounds), create a sample container.
[LOG] SystemI::createSoundInternal             : creating subsound 0/1
[LOG] SystemI::createSample                    : mode 02000202 length 206005 samples, lengthbytes 52128
[LOG] SystemI::createSample                    : channels = 2
[LOG] SystemI::createSample                    : output = 00000004D3936EE8
[LOG] OutputSoftware::createSample             : lengthpcm 206005, lengthbytes 52128, channels 2, format 2, freq 48000, mode 0200020a
[LOG] SystemI::createSoundInternal             : No name found in file, use filename.
[LOG] SystemI::createSoundInternal             : done.  OpenState now = FMOD_OPENSTATE_READY.

[LOG] SystemI::createSoundInternal             : filename =  : mode 02000202
[LOG] SystemI::createSoundInternal             : exinfo->cbsize             = 232
[LOG] SystemI::createSoundInternal             : exinfo->length             = 4720768
[LOG] SystemI::createSoundInternal             : exinfo->fileoffset         = 20544
[LOG] SystemI::createSoundInternal             : exinfo->numsubsounds       = 1
[LOG] SystemI::createSoundInternal             : exinfo->inclusionlist      = 000000003E37FBF8
[LOG] SystemI::createSoundInternal             : exinfo->inclusionlistnum   = 1
[LOG] SystemI::createSoundInternal             : exinfo->suggestedsoundtype = 5
[LOG] SystemI::createSoundInternal             : exinfo->useropen           = 00007FF836AB7110
[LOG] SystemI::createSoundInternal             : exinfo->userclose          = 00007FF836AB70E0
[LOG] SystemI::createSoundInternal             : exinfo->userread           = 00007FF836AB71E0
[LOG] SystemI::createSoundInternal             : exinfo->userseek           = 00007FF836AB7290
[LOG] SystemI::createSoundInternal             : exinfo->fileuserdata       = 00000004ECA00598
[LOG] SystemI::DSPCodecPoolRegister            : register codec pool for pool type 5
[LOG] SystemI::createSoundInternal             : Format has 1 subsounds.
[LOG] SystemI::createSoundInternal             : Create as FMOD_CREATESAMPLE
[LOG] SystemI::createSoundInternal             : Multi-sample sound (1 subsounds), create a sample container.
[LOG] SystemI::createSoundInternal             : creating subsound 0/1
[LOG] SystemI::createSample                    : mode 02000202 length 206005 samples, lengthbytes 55680
[LOG] SystemI::createSample                    : channels = 2
[LOG] SystemI::createSample                    : output = 00000004D3936EE8
[LOG] OutputSoftware::createSample             : lengthpcm 206005, lengthbytes 55680, channels 2, format 2, freq 48000, mode 0200020a
[LOG] SystemI::createSoundInternal             : No name found in file, use filename.
[LOG] SystemI::createSoundInternal             : done.  OpenState now = FMOD_OPENSTATE_READY.

[LOG] SystemI::createSoundInternal             : filename =  : mode 02000202
[LOG] SystemI::createSoundInternal             : exinfo->cbsize             = 232
[LOG] SystemI::createSoundInternal             : exinfo->length             = 4720768
[LOG] SystemI::createSoundInternal             : exinfo->fileoffset         = 20544
[LOG] SystemI::createSoundInternal             : exinfo->numsubsounds       = 1
[LOG] SystemI::createSoundInternal             : exinfo->inclusionlist      = 000000003E37FBF8
[LOG] SystemI::createSoundInternal             : exinfo->inclusionlistnum   = 1
[LOG] SystemI::createSoundInternal             : exinfo->suggestedsoundtype = 5
[LOG] SystemI::createSoundInternal             : exinfo->useropen           = 00007FF836AB7110
[LOG] SystemI::createSoundInternal             : exinfo->userclose          = 00007FF836AB70E0
[LOG] SystemI::createSoundInternal             : exinfo->userread           = 00007FF836AB71E0
[LOG] SystemI::createSoundInternal             : exinfo->userseek           = 00007FF836AB7290
[LOG] SystemI::createSoundInternal             : exinfo->fileuserdata       = 00000004ECA00598
[LOG] SystemI::DSPCodecPoolRegister            : register codec pool for pool type 5
[LOG] SystemI::createSoundInternal             : Format has 1 subsounds.
[LOG] SystemI::createSoundInternal             : Create as FMOD_CREATESAMPLE
[LOG] SystemI::createSoundInternal             : Multi-sample sound (1 subsounds), create a sample container.
[LOG] SystemI::createSoundInternal             : creating subsound 0/1
[LOG] SystemI::createSample                    : mode 02000202 length 277337 samples, lengthbytes 73696
[LOG] SystemI::createSample                    : channels = 2
[LOG] SystemI::createSample                    : output = 00000004D3936EE8
[LOG] OutputSoftware::createSample             : lengthpcm 277337, lengthbytes 73696, channels 2, format 2, freq 48000, mode 0200020a
[LOG] SystemI::createSoundInternal             : No name found in file, use filename.
[LOG] SystemI::createSoundInternal             : done.  OpenState now = FMOD_OPENSTATE_READY.

[LOG] SystemI::createSoundInternal             : filename =  : mode 02000202
[LOG] SystemI::createSoundInternal             : exinfo->cbsize             = 232
[LOG] SystemI::createSoundInternal             : exinfo->length             = 4720768
[LOG] SystemI::createSoundInternal             : exinfo->fileoffset         = 20544
[LOG] SystemI::createSoundInternal             : exinfo->numsubsounds       = 1
[LOG] SystemI::createSoundInternal             : exinfo->inclusionlist      = 000000003E37FBF8
[LOG] SystemI::createSoundInternal             : exinfo->inclusionlistnum   = 1
[LOG] SystemI::createSoundInternal             : exinfo->suggestedsoundtype = 5
[LOG] SystemI::createSoundInternal             : exinfo->useropen           = 00007FF836AB7110
[LOG] SystemI::createSoundInternal             : exinfo->userclose          = 00007FF836AB70E0
[LOG] SystemI::createSoundInternal             : exinfo->userread           = 00007FF836AB71E0
[LOG] SystemI::createSoundInternal             : exinfo->userseek           = 00007FF836AB7290
[LOG] SystemI::createSoundInternal             : exinfo->fileuserdata       = 00000004ECA00598
[LOG] SystemI::DSPCodecPoolRegister            : register codec pool for pool type 5
[LOG] SystemI::createSoundInternal             : Format has 1 subsounds.
[LOG] SystemI::createSoundInternal             : Create as FMOD_CREATESAMPLE
[LOG] SystemI::createSoundInternal             : Multi-sample sound (1 subsounds), create a sample container.
[LOG] SystemI::createSoundInternal             : creating subsound 0/1
[LOG] SystemI::createSample                    : mode 02000202 length 277337 samples, lengthbytes 87584
[LOG] SystemI::createSample                    : channels = 2
[LOG] SystemI::createSample                    : output = 00000004D3936EE8
[LOG] OutputSoftware::createSample             : lengthpcm 277337, lengthbytes 87584, channels 2, format 2, freq 48000, mode 0200020a
[LOG] SystemI::createSoundInternal             : No name found in file, use filename.
[LOG] SystemI::createSoundInternal             : done.  OpenState now = FMOD_OPENSTATE_READY.

[LOG] SystemI::createSoundInternal             : filename =  : mode 02000202
[LOG] SystemI::createSoundInternal             : exinfo->cbsize             = 232
[LOG] SystemI::createSoundInternal             : exinfo->length             = 4720768
[LOG] SystemI::createSoundInternal             : exinfo->fileoffset         = 20544
[LOG] SystemI::createSoundInternal             : exinfo->numsubsounds       = 1
[LOG] SystemI::createSoundInternal             : exinfo->inclusionlist      = 000000003E37FBF8
[LOG] SystemI::createSoundInternal             : exinfo->inclusionlistnum   = 1
[LOG] SystemI::createSoundInternal             : exinfo->suggestedsoundtype = 5
[LOG] SystemI::createSoundInternal             : exinfo->useropen           = 00007FF836AB7110
[LOG] SystemI::createSoundInternal             : exinfo->userclose          = 00007FF836AB70E0
[LOG] SystemI::createSoundInternal             : exinfo->userread           = 00007FF836AB71E0
[LOG] SystemI::createSoundInternal             : exinfo->userseek           = 00007FF836AB7290
[LOG] SystemI::createSoundInternal             : exinfo->fileuserdata       = 00000004ECA00598
[LOG] SystemI::DSPCodecPoolRegister            : register codec pool for pool type 5
[LOG] SystemI::createSoundInternal             : Format has 1 subsounds.
[LOG] SystemI::createSoundInternal             : Create as FMOD_CREATESAMPLE
[LOG] SystemI::createSoundInternal             : Multi-sample sound (1 subsounds), create a sample container.
[LOG] SystemI::createSoundInternal             : creating subsound 0/1
[LOG] SystemI::createSample                    : mode 02000202 length 206005 samples, lengthbytes 53824
[LOG] SystemI::createSample                    : channels = 2
[LOG] SystemI::createSample                    : output = 00000004D3936EE8
[LOG] OutputSoftware::createSample             : lengthpcm 206005, lengthbytes 53824, channels 2, format 2, freq 48000, mode 0200020a
[LOG] SystemI::createSoundInternal             : No name found in file, use filename.
[LOG] SystemI::createSoundInternal             : done.  OpenState now = FMOD_OPENSTATE_READY.

[LOG] SystemI::createSoundInternal             : filename =  : mode 02000202
[LOG] SystemI::createSoundInternal             : exinfo->cbsize             = 232
[LOG] SystemI::createSoundInternal             : exinfo->length             = 4720768
[LOG] SystemI::createSoundInternal             : exinfo->fileoffset         = 20544
[LOG] SystemI::createSoundInternal             : exinfo->numsubsounds       = 1
[LOG] SystemI::createSoundInternal             : exinfo->inclusionlist      = 000000003E37FBF8
[LOG] SystemI::createSoundInternal             : exinfo->inclusionlistnum   = 1
[LOG] SystemI::createSoundInternal             : exinfo->suggestedsoundtype = 5
[LOG] SystemI::createSoundInternal             : exinfo->useropen           = 00007FF836AB7110
[LOG] SystemI::createSoundInternal             : exinfo->userclose          = 00007FF836AB70E0
[LOG] SystemI::createSoundInternal             : exinfo->userread           = 00007FF836AB71E0
[LOG] SystemI::createSoundInternal             : exinfo->userseek           = 00007FF836AB7290
[LOG] SystemI::createSoundInternal             : exinfo->fileuserdata       = 00000004ECA00598
[LOG] SystemI::DSPCodecPoolRegister            : register codec pool for pool type 5
[LOG] SystemI::createSoundInternal             : Format has 1 subsounds.
[LOG] SystemI::createSoundInternal             : Create as FMOD_CREATESAMPLE
[LOG] SystemI::createSoundInternal             : Multi-sample sound (1 subsounds), create a sample container.
[LOG] SystemI::createSoundInternal             : creating subsound 0/1
[LOG] SystemI::createSample                    : mode 02000202 length 206005 samples, lengthbytes 56416
[LOG] SystemI::createSample                    : channels = 2
[LOG] SystemI::createSample                    : output = 00000004D3936EE8
[LOG] OutputSoftware::createSample             : lengthpcm 206005, lengthbytes 56416, channels 2, format 2, freq 48000, mode 0200020a
[LOG] SystemI::createSoundInternal             : No name found in file, use filename.
[LOG] SystemI::createSoundInternal             : done.  OpenState now = FMOD_OPENSTATE_READY.

[LOG] SystemI::createSoundInternal             : filename =  : mode 02000202
[LOG] SystemI::createSoundInternal             : exinfo->cbsize             = 232
[LOG] SystemI::createSoundInternal             : exinfo->length             = 4720768
[LOG] SystemI::createSoundInternal             : exinfo->fileoffset         = 20544
[LOG] SystemI::createSoundInternal             : exinfo->numsubsounds       = 1
[LOG] SystemI::createSoundInternal             : exinfo->inclusionlist      = 000000003E37FBF8
[LOG] SystemI::createSoundInternal             : exinfo->inclusionlistnum   = 1
[LOG] SystemI::createSoundInternal             : exinfo->suggestedsoundtype = 5
[LOG] SystemI::createSoundInternal             : exinfo->useropen           = 00007FF836AB7110
[LOG] SystemI::createSoundInternal             : exinfo->userclose          = 00007FF836AB70E0
[LOG] SystemI::createSoundInternal             : exinfo->userread           = 00007FF836AB71E0
[LOG] SystemI::createSoundInternal             : exinfo->userseek           = 00007FF836AB7290
[LOG] SystemI::createSoundInternal             : exinfo->fileuserdata       = 00000004ECA00598
[LOG] SystemI::DSPCodecPoolRegister            : register codec pool for pool type 5
[LOG] SystemI::createSoundInternal             : Format has 1 subsounds.
[LOG] SystemI::createSoundInternal             : Create as FMOD_CREATESAMPLE
[LOG] SystemI::createSoundInternal             : Multi-sample sound (1 subsounds), create a sample container.
[LOG] SystemI::createSoundInternal             : creating subsound 0/1
[LOG] SystemI::createSample                    : mode 02000202 length 206005 samples, lengthbytes 52416
[LOG] SystemI::createSample                    : channels = 2
[LOG] SystemI::createSample                    : output = 00000004D3936EE8
[LOG] OutputSoftware::createSample             : lengthpcm 206005, lengthbytes 52416, channels 2, format 2, freq 48000, mode 0200020a
[LOG] SystemI::createSoundInternal             : No name found in file, use filename.
[LOG] SystemI::createSoundInternal             : done.  OpenState now = FMOD_OPENSTATE_READY.

[LOG] SystemI::createSoundInternal             : filename =  : mode 02000202
[LOG] SystemI::createSoundInternal             : exinfo->cbsize             = 232
[LOG] SystemI::createSoundInternal             : exinfo->length             = 4720768
[LOG] SystemI::createSoundInternal             : exinfo->fileoffset         = 20544
[LOG] SystemI::createSoundInternal             : exinfo->numsubsounds       = 1
[LOG] SystemI::createSoundInternal             : exinfo->inclusionlist      = 000000003E37FBF8
[LOG] SystemI::createSoundInternal             : exinfo->inclusionlistnum   = 1
[LOG] SystemI::createSoundInternal             : exinfo->suggestedsoundtype = 5
[LOG] SystemI::createSoundInternal             : exinfo->useropen           = 00007FF836AB7110
[LOG] SystemI::createSoundInternal             : exinfo->userclose          = 00007FF836AB70E0
[LOG] SystemI::createSoundInternal             : exinfo->userread           = 00007FF836AB71E0
[LOG] SystemI::createSoundInternal             : exinfo->userseek           = 00007FF836AB7290
[LOG] SystemI::createSoundInternal             : exinfo->fileuserdata       = 00000004ECA00598
[LOG] SystemI::DSPCodecPoolRegister            : register codec pool for pool type 5
[LOG] SystemI::createSoundInternal             : Format has 1 subsounds.
[LOG] SystemI::createSoundInternal             : Create as FMOD_CREATESAMPLE
[LOG] SystemI::createSoundInternal             : Multi-sample sound (1 subsounds), create a sample container.
[LOG] SystemI::createSoundInternal             : creating subsound 0/1
[LOG] SystemI::createSample                    : mode 02000202 length 206005 samples, lengthbytes 57664
[LOG] SystemI::createSample                    : channels = 2
[LOG] SystemI::createSample                    : output = 00000004D3936EE8
[LOG] OutputSoftware::createSample             : lengthpcm 206005, lengthbytes 57664, channels 2, format 2, freq 48000, mode 0200020a
[LOG] SystemI::createSoundInternal             : No name found in file, use filename.
[LOG] SystemI::createSoundInternal             : done.  OpenState now = FMOD_OPENSTATE_READY.

[LOG] SystemI::createSoundInternal             : filename =  : mode 02000202
[LOG] SystemI::createSoundInternal             : exinfo->cbsize             = 232
[LOG] SystemI::createSoundInternal             : exinfo->length             = 4720768
[LOG] SystemI::createSoundInternal             : exinfo->fileoffset         = 20544
[LOG] SystemI::createSoundInternal             : exinfo->numsubsounds       = 1
[LOG] SystemI::createSoundInternal             : exinfo->inclusionlist      = 000000003E37FBF8
[LOG] SystemI::createSoundInternal             : exinfo->inclusionlistnum   = 1
[LOG] SystemI::createSoundInternal             : exinfo->suggestedsoundtype = 5
[LOG] SystemI::createSoundInternal             : exinfo->useropen           = 00007FF836AB7110
[LOG] SystemI::createSoundInternal             : exinfo->userclose          = 00007FF836AB70E0
[LOG] SystemI::createSoundInternal             : exinfo->userread           = 00007FF836AB71E0
[LOG] SystemI::createSoundInternal             : exinfo->userseek           = 00007FF836AB7290
[LOG] SystemI::createSoundInternal             : exinfo->fileuserdata       = 00000004ECA00598
[LOG] SystemI::DSPCodecPoolRegister            : register codec pool for pool type 5
[LOG] SystemI::createSoundInternal             : Format has 1 subsounds.
[LOG] SystemI::createSoundInternal             : Create as FMOD_CREATESAMPLE
[LOG] SystemI::createSoundInternal             : Multi-sample sound (1 subsounds), create a sample container.
[LOG] SystemI::createSoundInternal             : creating subsound 0/1
[LOG] SystemI::createSample                    : mode 02000202 length 206005 samples, lengthbytes 56928
[LOG] SystemI::createSample                    : channels = 2
[LOG] SystemI::createSample                    : output = 00000004D3936EE8
[LOG] OutputSoftware::createSample             : lengthpcm 206005, lengthbytes 56928, channels 2, format 2, freq 48000, mode 0200020a
[LOG] SystemI::createSoundInternal             : No name found in file, use filename.
[LOG] SystemI::createSoundInternal             : done.  OpenState now = FMOD_OPENSTATE_READY.

[LOG] SystemI::createSoundInternal             : filename =  : mode 02000202
[LOG] SystemI::createSoundInternal             : exinfo->cbsize             = 232
[LOG] SystemI::createSoundInternal             : exinfo->length             = 4720768
[LOG] SystemI::createSoundInternal             : exinfo->fileoffset         = 20544
[LOG] SystemI::createSoundInternal             : exinfo->numsubsounds       = 1
[LOG] SystemI::createSoundInternal             : exinfo->inclusionlist      = 000000003E37FBF8
[LOG] SystemI::createSoundInternal             : exinfo->inclusionlistnum   = 1
[LOG] SystemI::createSoundInternal             : exinfo->suggestedsoundtype = 5
[LOG] SystemI::createSoundInternal             : exinfo->useropen           = 00007FF836AB7110
[LOG] SystemI::createSoundInternal             : exinfo->userclose          = 00007FF836AB70E0
[LOG] SystemI::createSoundInternal             : exinfo->userread           = 00007FF836AB71E0
[LOG] SystemI::createSoundInternal             : exinfo->userseek           = 00007FF836AB7290
[LOG] SystemI::createSoundInternal             : exinfo->fileuserdata       = 00000004ECA00598
[LOG] SystemI::DSPCodecPoolRegister            : register codec pool for pool type 5
[LOG] SystemI::createSoundInternal             : Format has 1 subsounds.
[LOG] SystemI::createSoundInternal             : Create as FMOD_CREATESAMPLE
[LOG] SystemI::createSoundInternal             : Multi-sample sound (1 subsounds), create a sample container.
[LOG] SystemI::createSoundInternal             : creating subsound 0/1
[LOG] SystemI::createSample                    : mode 02000202 length 206005 samples, lengthbytes 57248
[LOG] SystemI::createSample                    : channels = 2
[LOG] SystemI::createSample                    : output = 00000004D3936EE8
[LOG] OutputSoftware::createSample             : lengthpcm 206005, lengthbytes 57248, channels 2, format 2, freq 48000, mode 0200020a
[LOG] SystemI::createSoundInternal             : No name found in file, use filename.
[LOG] SystemI::createSoundInternal             : done.  OpenState now = FMOD_OPENSTATE_READY.

[LOG] SystemI::createSoundInternal             : filename =  : mode 02000202
[LOG] SystemI::createSoundInternal             : exinfo->cbsize             = 232
[LOG] SystemI::createSoundInternal             : exinfo->length             = 4720768
[LOG] SystemI::createSoundInternal             : exinfo->fileoffset         = 20544
[LOG] SystemI::createSoundInternal             : exinfo->numsubsounds       = 1
[LOG] SystemI::createSoundInternal             : exinfo->inclusionlist      = 000000003E37FBF8
[LOG] SystemI::createSoundInternal             : exinfo->inclusionlistnum   = 1
[LOG] SystemI::createSoundInternal             : exinfo->suggestedsoundtype = 5
[LOG] SystemI::createSoundInternal             : exinfo->useropen           = 00007FF836AB7110
[LOG] SystemI::createSoundInternal             : exinfo->userclose          = 00007FF836AB70E0
[LOG] SystemI::createSoundInternal             : exinfo->userread           = 00007FF836AB71E0
[LOG] SystemI::createSoundInternal             : exinfo->userseek           = 00007FF836AB7290
[LOG] SystemI::createSoundInternal             : exinfo->fileuserdata       = 00000004ECA00598
[LOG] SystemI::DSPCodecPoolRegister            : register codec pool for pool type 5
[LOG] SystemI::createSoundInternal             : Format has 1 subsounds.
[LOG] SystemI::createSoundInternal             : Create as FMOD_CREATESAMPLE
[LOG] SystemI::createSoundInternal             : Multi-sample sound (1 subsounds), create a sample container.
[LOG] SystemI::createSoundInternal             : creating subsound 0/1
[LOG] SystemI::createSample                    : mode 02000202 length 206005 samples, lengthbytes 53984
[LOG] SystemI::createSample                    : channels = 2
[LOG] SystemI::createSample                    : output = 00000004D3936EE8
[LOG] OutputSoftware::createSample             : lengthpcm 206005, lengthbytes 53984, channels 2, format 2, freq 48000, mode 0200020a
[LOG] SystemI::createSoundInternal             : No name found in file, use filename.
[LOG] SystemI::createSoundInternal             : done.  OpenState now = FMOD_OPENSTATE_READY.

[LOG] SystemI::createSoundInternal             : filename =  : mode 02000202
[LOG] SystemI::createSoundInternal             : exinfo->cbsize             = 232
[LOG] SystemI::createSoundInternal             : exinfo->length             = 4720768
[LOG] SystemI::createSoundInternal             : exinfo->fileoffset         = 20544
[LOG] SystemI::createSoundInternal             : exinfo->numsubsounds       = 1
[LOG] SystemI::createSoundInternal             : exinfo->inclusionlist      = 000000003E37FBF8
[LOG] SystemI::createSoundInternal             : exinfo->inclusionlistnum   = 1
[LOG] SystemI::createSoundInternal             : exinfo->suggestedsoundtype = 5
[LOG] SystemI::createSoundInternal             : exinfo->useropen           = 00007FF836AB7110
[LOG] SystemI::createSoundInternal             : exinfo->userclose          = 00007FF836AB70E0
[LOG] SystemI::createSoundInternal             : exinfo->userread           = 00007FF836AB71E0
[LOG] SystemI::createSoundInternal             : exinfo->userseek           = 00007FF836AB7290
[LOG] SystemI::createSoundInternal             : exinfo->fileuserdata       = 00000004ECA00598
[LOG] SystemI::DSPCodecPoolRegister            : register codec pool for pool type 5
[LOG] SystemI::createSoundInternal             : Format has 1 subsounds.
[LOG] SystemI::createSoundInternal             : Create as FMOD_CREATESAMPLE
[LOG] SystemI::createSoundInternal             : Multi-sample sound (1 subsounds), create a sample container.
[LOG] SystemI::createSoundInternal             : creating subsound 0/1
[LOG] SystemI::createSample                    : mode 02000202 length 277337 samples, lengthbytes 79616
[LOG] SystemI::createSample                    : channels = 2
[LOG] SystemI::createSample                    : output = 00000004D3936EE8
[LOG] OutputSoftware::createSample             : lengthpcm 277337, lengthbytes 79616, channels 2, format 2, freq 48000, mode 0200020a
[LOG] SystemI::createSoundInternal             : No name found in file, use filename.
[LOG] SystemI::createSoundInternal             : done.  OpenState now = FMOD_OPENSTATE_READY.

[LOG] SoundI::release                          :  (00000004D420BAB8)
[LOG] SoundI::release                          : release subsounds. (00000004D420BAB8)
[LOG] SoundI::release                          :     fart1 (00000004D3EF2598)
[LOG] SoundI::release                          :     done
[LOG] SoundI::release                          : release codec. (00000004D420BAB8)
[LOG] SoundI::release                          : done
[LOG] SoundI::release                          :  (000000000D366148)
[LOG] SoundI::release                          : release subsounds. (000000000D366148)
[LOG] SoundI::release                          :     fart10 (00000004D3F5A0F8)
[LOG] SoundI::release                          :     done
[LOG] SoundI::release                          : release codec. (000000000D366148)
[LOG] SoundI::release                          : done
[LOG] SoundI::release                          :  (000000000D365FD8)
[LOG] SoundI::release                          : release subsounds. (000000000D365FD8)
[LOG] SoundI::release                          :     fart11 (00000004D3F5A438)
[LOG] SoundI::release                          :     done
[LOG] SoundI::release                          : release codec. (000000000D365FD8)
[LOG] SoundI::release                          : done
[LOG] SoundI::release                          :  (00000004D420BD98)
[LOG] SoundI::release                          : release subsounds. (00000004D420BD98)
[LOG] SoundI::release                          :     fart12 (00000004D3EF2258)
[LOG] SoundI::release                          :     done
[LOG] SoundI::release                          : release codec. (00000004D420BD98)
[LOG] SoundI::release                          : done
[LOG] SoundI::release                          :  (000000000D365CF8)
[LOG] SoundI::release                          : release subsounds. (000000000D365CF8)
[LOG] SoundI::release                          :     fart2 (00000004D3F5A5D8)
[LOG] SoundI::release                          :     done
[LOG] SoundI::release                          : release codec. (000000000D365CF8)
[LOG] SoundI::release                          : done
[LOG] SoundI::release                          :  (000000000D365B88)
[LOG] SoundI::release                          : release subsounds. (000000000D365B88)
[LOG] SoundI::release                          :     fart3 (00000004D3F59F58)
[LOG] SoundI::release                          :     done
[LOG] SoundI::release                          : release codec. (000000000D365B88)
[LOG] SoundI::release                          : done
[LOG] SoundI::release                          :  (00000004D420C1E8)
[LOG] SoundI::release                          : release subsounds. (00000004D420C1E8)
[LOG] SoundI::release                          :     fart4 (00000004D3EF2738)
[LOG] SoundI::release                          :     done
[LOG] SoundI::release                          : release codec. (00000004D420C1E8)
[LOG] SoundI::release                          : done
[LOG] SystemI::createSound                     : filename = Shelephants\Build\Desktop/Master Bank.bank : mode 02012082
[LOG] SystemI::createSound                     : FMOD_NONBLOCKING specified.  Putting into queue to be opened asynchronously!
[LOG] SystemI::createSound                     : setdata soundi = 00000004D3F31BA8 : node = 00000004D41EF510
[LOG] SystemI::createSound                     : add node to async list : head = 00000004D41D0308.  list count = 0
[LOG] AsyncThread::threadFunc                  : Starting Asynchronous operation on sound 00000004D3F31BA8
[LOG] SystemI::createSoundInternal             :     filename = Shelephants\Build\Desktop/Master Bank.bank : mode 02012082
[LOG] SystemI::createSoundInternal             :     exinfo->cbsize             = 232
[LOG] SystemI::createSoundInternal             :     exinfo->length             = 4720768
[LOG] SystemI::createSoundInternal             :     exinfo->fileoffset         = 20544
[LOG] SystemI::createSoundInternal             :     exinfo->numsubsounds       = 1
[LOG] SystemI::createSoundInternal             :     exinfo->inclusionlist      = 00000004D41EF628
[LOG] SystemI::createSoundInternal             :     exinfo->inclusionlistnum   = 1
[LOG] SystemI::createSoundInternal             :     exinfo->suggestedsoundtype = 5
[LOG] SystemI::createSoundInternal             :     Format has 1 subsounds.
[LOG] SystemI::createSoundInternal             :     Create as FMOD_CREATESTREAM
[LOG] System::createSoundInternal              :     decode buffersize = 19200 : blocksize = 256 : format = 2
[LOG] SystemI::createSample                    :     mode 02012082 length 19200 samples, lengthbytes 1289024
[LOG] SystemI::createSample                    :     channels = 2
[LOG] SystemI::createSample                    :     output = 00000004D3936EE8
[LOG] OutputSoftware::createSample             :     lengthpcm 19200, lengthbytes 1289024, channels 2, format 2, freq 48000, mode 0201208a
[LOG] System::createSoundInternal              :     1 subsounds detected.
[LOG] System::createSoundInternal              :     Seek stream to start
[LOG] System::createSoundInternal              :     switch file handle from small blocking single buffered to large nonblocking doublebuffered.
[LOG] SystemI::createSoundInternal             :     done.  OpenState now = FMOD_OPENSTATE_READY.

[LOG] AsyncThread::threadFunc                  : Finished Asynchronous operation on sound 00000004D3F31BA8
[LOG] SoundI::getSubSound                      : sound 00000004D3F31BA8.  Subsound index 0 / 1
[LOG] SoundI::getSubSound                      : starting non blocking seek and setting sound to not ready state
[LOG] SoundI::getSubSound                      : finished preparing nonblocking getSubSound seek
[LOG] AsyncThread::threadFunc                  : Starting Asynchronous operation on sound 00000004D3D078B8
[LOG] AsyncThread::threadFunc                  :     done setposition
[LOG] AsyncThread::threadFunc                  :     done flush
[LOG] AsyncThread::threadFunc                  : Finished Asynchronous operation on sound 00000004D3D078B8
[LOG] SoundI::release                          : creepy piano (00000004D3F325C8)
[LOG] SoundI::release                          : remove stream samples. (00000004D3F325C8)
[LOG] SoundI::release                          :     creepy piano (0000000014E9CA58)
[LOG] SoundI::release                          :     done
[LOG] SoundI::release                          : release subsounds. (00000004D3F325C8)
[LOG] SoundI::release                          :     creepy piano (00000004D3D06E98)
[LOG] SoundI::release                          :     done
[LOG] SoundI::release                          : release codec. (00000004D3F325C8)
[LOG] SoundI::release                          : done
[LOG] AsyncThread::threadFunc                  : Starting Asynchronous operation on sound 00000004D3D078B8
[LOG] AsyncThread::threadFunc                  : Finished Asynchronous operation on sound 00000004D3D078B8
[LOG] SystemI::createSound                     : filename = Shelephants\Build\Desktop/Master Bank.bank : mode 02012082
[LOG] SystemI::createSound                     : FMOD_NONBLOCKING specified.  Putting into queue to be opened asynchronously!
[LOG] SystemI::createSound                     : setdata soundi = 00000004D3F31D58 : node = 00000004D41F10A0
[LOG] SystemI::createSound                     : add node to async list : head = 00000004D41D0308.  list count = 0
[LOG] AsyncThread::threadFunc                  : Starting Asynchronous operation on sound 00000004D3F31D58
[LOG] SystemI::createSoundInternal             :     filename = Shelephants\Build\Desktop/Master Bank.bank : mode 02012082
[LOG] SystemI::createSoundInternal             :     exinfo->cbsize             = 232
[LOG] SystemI::createSoundInternal             :     exinfo->length             = 4720768
[LOG] SystemI::createSoundInternal             :     exinfo->fileoffset         = 20544
[LOG] SystemI::createSoundInternal             :     exinfo->numsubsounds       = 1
[LOG] SystemI::createSoundInternal             :     exinfo->inclusionlist      = 00000004D41F11B8
[LOG] SystemI::createSoundInternal             :     exinfo->inclusionlistnum   = 1
[LOG] SystemI::createSoundInternal             :     exinfo->suggestedsoundtype = 5
[LOG] SystemI::createSoundInternal             :     Format has 1 subsounds.
[LOG] SystemI::createSoundInternal             :     Create as FMOD_CREATESTREAM
[LOG] System::createSoundInternal              :     decode buffersize = 19200 : blocksize = 256 : format = 2
[LOG] SystemI::createSample                    :     mode 02012082 length 19200 samples, lengthbytes 1289024
[LOG] SystemI::createSample                    :     channels = 2
[LOG] SystemI::createSample                    :     output = 00000004D3936EE8
[LOG] OutputSoftware::createSample             :     lengthpcm 19200, lengthbytes 1289024, channels 2, format 2, freq 48000, mode 0201208a
[LOG] System::createSoundInternal              :     1 subsounds detected.
[LOG] System::createSoundInternal              :     Seek stream to start
[LOG] System::createSoundInternal              :     switch file handle from small blocking single buffered to large nonblocking doublebuffered.
[LOG] SystemI::createSoundInternal             :     done.  OpenState now = FMOD_OPENSTATE_READY.

[LOG] AsyncThread::threadFunc                  : Finished Asynchronous operation on sound 00000004D3F31D58
[LOG] SoundI::getSubSound                      : sound 00000004D3F31D58.  Subsound index 0 / 1
[LOG] SoundI::getSubSound                      : starting non blocking seek and setting sound to not ready state
[LOG] SoundI::getSubSound                      : finished preparing nonblocking getSubSound seek
[LOG] AsyncThread::threadFunc                  : Starting Asynchronous operation on sound 00000004D3D07A68
[LOG] AsyncThread::threadFunc                  :     done setposition
[LOG] AsyncThread::threadFunc                  :     done flush
[LOG] AsyncThread::threadFunc                  : Finished Asynchronous operation on sound 00000004D3D07A68
[LOG] SoundI::release                          : creepy piano (00000004D3F31BA8)
[LOG] SoundI::release                          : remove stream samples. (00000004D3F31BA8)
[LOG] SoundI::release                          :     creepy piano (0000000014E9D8F8)
[LOG] SoundI::release                          :     done
[LOG] SoundI::release                          : release subsounds. (00000004D3F31BA8)
[LOG] SoundI::release                          :     creepy piano (00000004D3D078B8)
[LOG] SoundI::release                          :     done
[LOG] SoundI::release                          : release codec. (00000004D3F31BA8)
[LOG] SoundI::release                          : done
[LOG] AsyncThread::threadFunc                  : Starting Asynchronous operation on sound 00000004D3D07A68
[LOG] AsyncThread::threadFunc                  : Finished Asynchronous operation on sound 00000004D3D07A68
